<?xml version="1.0" encoding="UTF-8"?>
<testng-results skipped="0" failed="1" ignored="0" total="4" passed="3">
  <reporter-output>
  </reporter-output>
  <suite name="Default suite" duration-ms="1865" started-at="2020-08-17T18:26:40 IST" finished-at="2020-08-17T18:26:42 IST">
    <groups>
    </groups>
    <test name="Default test" duration-ms="1865" started-at="2020-08-17T18:26:40 IST" finished-at="2020-08-17T18:26:42 IST">
      <class name="selenium.ExtentRport">
        <test-method status="FAIL" signature="homepage()[pri:0, instance:selenium.ExtentRport@53f65459]" name="homepage" duration-ms="35" started-at="2020-08-17T18:26:40 IST" finished-at="2020-08-17T18:26:40 IST">
          <exception class="java.lang.NullPointerException">
            <full-stacktrace>
              <![CDATA[java.lang.NullPointerException
at com.aventstack.extentreports.Report.createTest(Report.java:55)
at com.aventstack.extentreports.ExtentReports.createTest(ExtentReports.java:230)
at com.aventstack.extentreports.ExtentReports.createTest(ExtentReports.java:243)
at selenium.ExtentRport.homepage(ExtentRport.java:27)
at sun.reflect.NativeMethodAccessorImpl.invoke0(Native Method)
at sun.reflect.NativeMethodAccessorImpl.invoke(Unknown Source)
at sun.reflect.DelegatingMethodAccessorImpl.invoke(Unknown Source)
at java.lang.reflect.Method.invoke(Unknown Source)
at org.testng.internal.MethodInvocationHelper.invokeMethod(MethodInvocationHelper.java:133)
at org.testng.internal.TestInvoker.invokeMethod(TestInvoker.java:584)
at org.testng.internal.TestInvoker.invokeTestMethod(TestInvoker.java:172)
at org.testng.internal.MethodRunner.runInSequence(MethodRunner.java:46)
at org.testng.internal.TestInvoker$MethodInvocationAgent.invoke(TestInvoker.java:804)
at org.testng.internal.TestInvoker.invokeTestMethods(TestInvoker.java:145)
at org.testng.internal.TestMethodWorker.invokeTestMethods(TestMethodWorker.java:146)
at org.testng.internal.TestMethodWorker.run(TestMethodWorker.java:128)
at java.util.ArrayList.forEach(Unknown Source)
at org.testng.TestRunner.privateRun(TestRunner.java:770)
at org.testng.TestRunner.run(TestRunner.java:591)
at org.testng.SuiteRunner.runTest(SuiteRunner.java:402)
at org.testng.SuiteRunner.runSequentially(SuiteRunner.java:396)
at org.testng.SuiteRunner.privateRun(SuiteRunner.java:355)
at org.testng.SuiteRunner.run(SuiteRunner.java:304)
at org.testng.SuiteRunnerWorker.runSuite(SuiteRunnerWorker.java:53)
at org.testng.SuiteRunnerWorker.run(SuiteRunnerWorker.java:96)
at org.testng.TestNG.runSuitesSequentially(TestNG.java:1180)
at org.testng.TestNG.runSuitesLocally(TestNG.java:1102)
at org.testng.TestNG.runSuites(TestNG.java:1032)
at org.testng.TestNG.run(TestNG.java:1000)
at org.testng.remote.AbstractRemoteTestNG.run(AbstractRemoteTestNG.java:115)
at org.testng.remote.RemoteTestNG.initAndRun(RemoteTestNG.java:251)
at org.testng.remote.RemoteTestNG.main(RemoteTestNG.java:77)
]]>
            </full-stacktrace>
          </exception> <!-- java.lang.NullPointerException -->
          <reporter-output>
          </reporter-output>
        </test-method> <!-- homepage -->
        <test-method status="PASS" signature="login()[pri:0, instance:selenium.ExtentRport@53f65459]" name="login" duration-ms="1254" started-at="2020-08-17T18:26:40 IST" finished-at="2020-08-17T18:26:41 IST">
          <reporter-output>
          </reporter-output>
        </test-method> <!-- login -->
        <test-method status="PASS" signature="logoff()[pri:0, instance:selenium.ExtentRport@53f65459]" name="logoff" duration-ms="296" started-at="2020-08-17T18:26:41 IST" finished-at="2020-08-17T18:26:41 IST">
          <reporter-output>
          </reporter-output>
        </test-method> <!-- logoff -->
        <test-method status="PASS" signature="memcreation()[pri:0, instance:selenium.ExtentRport@53f65459]" name="memcreation" duration-ms="133" started-at="2020-08-17T18:26:41 IST" finished-at="2020-08-17T18:26:42 IST">
          <reporter-output>
          </reporter-output>
        </test-method> <!-- memcreation -->
      </class> <!-- selenium.ExtentRport -->
    </test> <!-- Default test -->
  </suite> <!-- Default suite -->
</testng-results>
